This is pdfTeX, Version 3.1415926-2.5-1.40.14 (TeX Live 2013/Debian) (format=pdflatex 2014.8.29)  5 FEB 2015 23:29
entering extended mode
 restricted \write18 enabled.
 %&-line parsing enabled.
**cycleflow
(./cycleflow.tex
LaTeX2e <2011/06/27>
Babel <3.9h> and hyphenation patterns for 78 languages loaded.
(./revtex4-1.cls
Document Class: revtex4-1 2010/07/25/20:33:00 4.1r (http://publish.aps.org/revt
ex4/ for documentation)
 Copyright (c) 2009 The American Physical Society.
 mailto:revtex@aps.org
 Licensed under the LPPL:
http://www.ctan.org/tex-archive/macros/latex/base/lppl.txt
 Arthur Ogawa <arthur_ogawa at sbcglobal dot net>
 Based on work by David Carlisle <david at dcarlisle.demon.co.uk>.
ltxutil[2010/07/25/20:33:00 4.1r utilities package (portions licensed from W. E
. Baxter web at superscript.com)]
LaTeX Info: Redefining \@centercr on input line 308.
Class revtex4-1 Info: Repairing broken LaTeX eqnarray on input line 358.
\eqncolsep=\skip41
Class revtex4-1 Info: Repairing hyperref-unfriendly LaTeX definition of \mpfoot
note on input line 433.
Class revtex4-1 Info: Repairing broken LateX \@sect on input line 755.
\intertabularlinepenalty=\count79
\@tbpen=\count80
\@arstrutbox@hline=\box26
Class revtex4-1 Info: Repairing broken LaTeX \@xbitor on input line 1786.
Class revtex4-1 Info: Making \typeout \long on input line 2046.
ltxfront[2010/07/25/20:33:00 4.1r frontmatter package (AO,DPC)]
\c@affil=\count81
\c@collab=\count82
\absbox=\box27
ltxgrid[2010/07/25/20:33:00 4.1r page grid package (portions licensed from W. E
. Baxter web at superscript.com)]
\c@linecount=\count83
\output@latex=\toks14
\box@size@1=\box28
\box@size@2=\box29
\@protection@box=\box30
\@topmark@saved=\toks15
\footins@saved=\box31
\footins@recovered=\box32
\column@recovered=\box33
\pagesofar=\box34
\footsofar=\box35
\pagegrid@col=\count84
Class revtex4-1 Info: Overriding \@vspace, \@vspacer, \@no@pgbk, \@newline, and
 \\  on input line 5578.
\c@part=\count85
\c@section=\count86
\c@subsection=\count87
\c@subsubsection=\count88
\c@paragraph=\count89
\c@subparagraph=\count90
\abovecaptionskip=\skip42
\belowcaptionskip=\skip43
\c@figure=\count91
\fbox@1=\box36
\c@table=\count92
\fbox@2=\box37
\c@video=\count93
\fbox@4=\box38
\@bibdataout=\write3
\widetext@top=\box39
\widetext@bot=\box40
Class revtex4-1 Info: Selecting society aps on input line 7542.
(./aps4-1.rtx
File: aps4-1 2010/07/25/20:33:00 4.1r (http://publish.aps.org/revtex4/ for docu
mentation)
Class revtex4-1 Info: RevTeX society APS selected on input line 31.
)
Class revtex4-1 Info: Selecting journal pra on input line 7544.
Class revtex4-1 Info: APS journal PRA selected on input line 7545.
 (./aps10pt4-1.rtx
File: aps10pt4-1 2010/07/25/20:33:00 4.1r (http://publish.aps.org/revtex4/ for 
documentation)
Class revtex4-1 Info: RevTeX pointsize 10pt selected on input line 30.
)
(/usr/share/texlive/texmf-dist/tex/latex/textcase/textcase.sty
Package: textcase 2004/10/07 v0.07 Text only upper/lower case changing (DPC)
)
(/usr/share/texlive/texmf-dist/tex/latex/url/url.sty
\Urlmuskip=\muskip10
Package: url 2013/09/16  ver 3.4  Verb mode for urls, etc.
)
(/usr/share/texlive/texmf-dist/tex/latex/natbib/natbib.sty
Package: natbib 2010/09/13 8.31b (PWD, AO)
\bibhang=\skip44
\bibsep=\skip45
LaTeX Info: Redefining \cite on input line 694.
\c@NAT@ctr=\count94
)
Class revtex4-1 Info: Repairing natbib's \BibitemShut on input line 7549.
 (./revsymb4-1.sty
Package: revsymb4-1 2010/07/25/20:33:00 4.1r (http://publish.aps.org/revtex4/ f
or documentation)
LaTeX Info: Redefining \REV@mathfrak on input line 119.
)) (/usr/share/texlive/texmf-dist/tex/latex/amsmath/amsmath.sty
Package: amsmath 2013/01/14 v2.14 AMS math features
\@mathmargin=\skip46

For additional information on amsmath, use the `?' option.
(/usr/share/texlive/texmf-dist/tex/latex/amsmath/amstext.sty
Package: amstext 2000/06/29 v2.01

(/usr/share/texlive/texmf-dist/tex/latex/amsmath/amsgen.sty
File: amsgen.sty 1999/11/30 v2.0
\@emptytoks=\toks16
\ex@=\dimen102
)
LaTeX Info: Redefining \text on input line 39.
)
(/usr/share/texlive/texmf-dist/tex/latex/amsmath/amsbsy.sty
Package: amsbsy 1999/11/29 v1.2d
\pmbraise@=\dimen103
)
(/usr/share/texlive/texmf-dist/tex/latex/amsmath/amsopn.sty
Package: amsopn 1999/12/14 v2.01 operator names
)
\inf@bad=\count95
LaTeX Info: Redefining \frac on input line 210.
\uproot@=\count96
\leftroot@=\count97
LaTeX Info: Redefining \overline on input line 306.
\classnum@=\count98
\DOTSCASE@=\count99
LaTeX Info: Redefining \ldots on input line 378.
LaTeX Info: Redefining \dots on input line 381.
LaTeX Info: Redefining \cdots on input line 466.
\Mathstrutbox@=\box41
\strutbox@=\box42
\big@size=\dimen104
LaTeX Font Info:    Redeclaring font encoding OML on input line 566.
LaTeX Font Info:    Redeclaring font encoding OMS on input line 567.
\macc@depth=\count100
\c@MaxMatrixCols=\count101
\dotsspace@=\muskip11
\c@parentequation=\count102
\dspbrk@lvl=\count103
\tag@help=\toks17
\row@=\count104
\column@=\count105
\maxfields@=\count106
\andhelp@=\toks18
\eqnshift@=\dimen105
\alignsep@=\dimen106
\tagshift@=\dimen107
\tagwidth@=\dimen108
\totwidth@=\dimen109
\lineht@=\dimen110
\@envbody=\toks19
\multlinegap=\skip47
\multlinetaggap=\skip48
\mathdisplay@stack=\toks20
LaTeX Info: Redefining \[ on input line 2665.
LaTeX Info: Redefining \] on input line 2666.
)
(/usr/share/texlive/texmf-dist/tex/latex/amscls/amsthm.sty
Package: amsthm 2004/08/06 v2.20
\thm@style=\toks21
\thm@bodyfont=\toks22
\thm@headfont=\toks23
\thm@notefont=\toks24
\thm@headpunct=\toks25
\thm@preskip=\skip49
\thm@postskip=\skip50
\thm@headsep=\skip51
\dth@everypar=\toks26
)
(/usr/share/texlive/texmf-dist/tex/latex/amsfonts/amssymb.sty
Package: amssymb 2013/01/14 v3.01 AMS font symbols

(/usr/share/texlive/texmf-dist/tex/latex/amsfonts/amsfonts.sty
Package: amsfonts 2013/01/14 v3.01 Basic AMSFonts support
\symAMSa=\mathgroup4
\symAMSb=\mathgroup5
LaTeX Font Info:    Overwriting math alphabet `\mathfrak' in version `bold'
(Font)                  U/euf/m/n --> U/euf/b/n on input line 106.
LaTeX Info: Redefining \frak on input line 111.
LaTeX Info: Redefining \Bbb on input line 113.
))
(/usr/share/texlive/texmf-dist/tex/latex/amsmath/amscd.sty
Package: amscd 1999/11/29 v2.0
\athelp@=\toks27
\minaw@=\dimen111
\bigaw@=\dimen112
\minCDarrowwidth=\dimen113
)
(/usr/share/texlive/texmf-dist/tex/latex/wasysym/wasysym.sty
Package: wasysym 2003/10/30 v2.0 Wasy-2 symbol support package
\symwasy=\mathgroup6
LaTeX Font Info:    Overwriting symbol font `wasy' in version `bold'
(Font)                  U/wasy/m/n --> U/wasy/b/n on input line 90.
)
(/usr/share/texlive/texmf-dist/tex/latex/base/inputenc.sty
Package: inputenc 2008/03/30 v1.1d Input encoding file
\inpenc@prehook=\toks28
\inpenc@posthook=\toks29

(/usr/share/texlive/texmf-dist/tex/latex/base/ansinew.def
File: ansinew.def 2008/03/30 v1.1d Input encoding file
))
(/usr/share/texlive/texmf-dist/tex/latex/base/fontenc.sty
Package: fontenc 2005/09/27 v1.99g Standard LaTeX package

(/usr/share/texlive/texmf-dist/tex/latex/base/t1enc.def
File: t1enc.def 2005/09/27 v1.99g Standard LaTeX file
LaTeX Font Info:    Redeclaring font encoding T1 on input line 43.
))
(/usr/share/texlive/texmf-dist/tex/latex/ae/ae.sty
Package: ae 2001/02/12 1.3 Almost European Computer Modern

(/usr/share/texlive/texmf-dist/tex/latex/base/fontenc.sty
Package: fontenc 2005/09/27 v1.99g Standard LaTeX package

(/usr/share/texlive/texmf-dist/tex/latex/base/t1enc.def
File: t1enc.def 2005/09/27 v1.99g Standard LaTeX file
LaTeX Font Info:    Redeclaring font encoding T1 on input line 43.
)
LaTeX Font Info:    Try loading font information for T1+aer on input line 100.

(/usr/share/texlive/texmf-dist/tex/latex/ae/t1aer.fd
File: t1aer.fd 1997/11/16 Font definitions for T1/aer.
)))
(/usr/share/texlive/texmf-dist/tex/latex/ae/aecompl.sty
Package: aecompl 1998/07/23 0.9 T1 Complements for AE fonts (D. Roegel)
)
(/usr/share/texlive/texmf-dist/tex/latex/hyperref/hyperref.sty
Package: hyperref 2012/11/06 v6.83m Hypertext links for LaTeX

(/usr/share/texlive/texmf-dist/tex/generic/oberdiek/hobsub-hyperref.sty
Package: hobsub-hyperref 2012/05/28 v1.13 Bundle oberdiek, subset hyperref (HO)


(/usr/share/texlive/texmf-dist/tex/generic/oberdiek/hobsub-generic.sty
Package: hobsub-generic 2012/05/28 v1.13 Bundle oberdiek, subset generic (HO)
Package: hobsub 2012/05/28 v1.13 Construct package bundles (HO)
Package: infwarerr 2010/04/08 v1.3 Providing info/warning/error messages (HO)
Package: ltxcmds 2011/11/09 v1.22 LaTeX kernel commands for general use (HO)
Package: ifluatex 2010/03/01 v1.3 Provides the ifluatex switch (HO)
Package ifluatex Info: LuaTeX not detected.
Package: ifvtex 2010/03/01 v1.5 Detect VTeX and its facilities (HO)
Package ifvtex Info: VTeX not detected.
Package: intcalc 2007/09/27 v1.1 Expandable calculations with integers (HO)
Package: ifpdf 2011/01/30 v2.3 Provides the ifpdf switch (HO)
Package ifpdf Info: pdfTeX in PDF mode is detected.
Package: etexcmds 2011/02/16 v1.5 Avoid name clashes with e-TeX commands (HO)
Package etexcmds Info: Could not find \expanded.
(etexcmds)             That can mean that you are not using pdfTeX 1.50 or
(etexcmds)             that some package has redefined \expanded.
(etexcmds)             In the latter case, load this package earlier.
Package: kvsetkeys 2012/04/25 v1.16 Key value parser (HO)
Package: kvdefinekeys 2011/04/07 v1.3 Define keys (HO)
Package: pdftexcmds 2011/11/29 v0.20 Utility functions of pdfTeX for LuaTeX (HO
)
Package pdftexcmds Info: LuaTeX not detected.
Package pdftexcmds Info: \pdf@primitive is available.
Package pdftexcmds Info: \pdf@ifprimitive is available.
Package pdftexcmds Info: \pdfdraftmode found.
Package: pdfescape 2011/11/25 v1.13 Implements pdfTeX's escape features (HO)
Package: bigintcalc 2012/04/08 v1.3 Expandable calculations on big integers (HO
)
Package: bitset 2011/01/30 v1.1 Handle bit-vector datatype (HO)
Package: uniquecounter 2011/01/30 v1.2 Provide unlimited unique counter (HO)
)
Package hobsub Info: Skipping package `hobsub' (already loaded).
Package: letltxmacro 2010/09/02 v1.4 Let assignment for LaTeX macros (HO)
Package: hopatch 2012/05/28 v1.2 Wrapper for package hooks (HO)
Package: xcolor-patch 2011/01/30 xcolor patch
Package: atveryend 2011/06/30 v1.8 Hooks at the very end of document (HO)
Package: atbegshi 2011/10/05 v1.16 At begin shipout hook (HO)
Package: refcount 2011/10/16 v3.4 Data extraction from label references (HO)
Package: hycolor 2011/01/30 v1.7 Color options for hyperref/bookmark (HO)
)
(/usr/share/texlive/texmf-dist/tex/latex/graphics/keyval.sty
Package: keyval 1999/03/16 v1.13 key=value parser (DPC)
\KV@toks@=\toks30
)
(/usr/share/texlive/texmf-dist/tex/generic/ifxetex/ifxetex.sty
Package: ifxetex 2010/09/12 v0.6 Provides ifxetex conditional
)
(/usr/share/texlive/texmf-dist/tex/latex/oberdiek/auxhook.sty
Package: auxhook 2011/03/04 v1.3 Hooks for auxiliary files (HO)
)
(/usr/share/texlive/texmf-dist/tex/latex/oberdiek/kvoptions.sty
Package: kvoptions 2011/06/30 v3.11 Key value format for package options (HO)
)
\@linkdim=\dimen114
\Hy@linkcounter=\count107
\Hy@pagecounter=\count108

(/usr/share/texlive/texmf-dist/tex/latex/hyperref/pd1enc.def
File: pd1enc.def 2012/11/06 v6.83m Hyperref: PDFDocEncoding definition (HO)
)
\Hy@SavedSpaceFactor=\count109

(/usr/share/texlive/texmf-dist/tex/latex/latexconfig/hyperref.cfg
File: hyperref.cfg 2002/06/06 v1.2 hyperref configuration of TeXLive
)
Package hyperref Info: Hyper figures OFF on input line 4443.
Package hyperref Info: Link nesting OFF on input line 4448.
Package hyperref Info: Hyper index ON on input line 4451.
Package hyperref Info: Plain pages OFF on input line 4458.
Package hyperref Info: Backreferencing OFF on input line 4463.
Package hyperref Info: Implicit mode ON; LaTeX internals redefined.
Package hyperref Info: Bookmarks ON on input line 4688.
LaTeX Info: Redefining \href on input line 4952.
\c@Hy@tempcnt=\count110
LaTeX Info: Redefining \url on input line 5041.
\XeTeXLinkMargin=\dimen115
\Fld@menulength=\count111
\Field@Width=\dimen116
\Fld@charsize=\dimen117
Package hyperref Info: Hyper figures OFF on input line 6295.
Package hyperref Info: Link nesting OFF on input line 6300.
Package hyperref Info: Hyper index ON on input line 6303.
Package hyperref Info: backreferencing OFF on input line 6310.
Package hyperref Info: Link coloring OFF on input line 6315.
Package hyperref Info: Link coloring with OCG OFF on input line 6320.
Package hyperref Info: PDF/A mode OFF on input line 6325.
LaTeX Info: Redefining \ref on input line 6365.
LaTeX Info: Redefining \pageref on input line 6369.
\Hy@abspage=\count112
\c@Item=\count113
\c@Hfootnote=\count114
)

Package hyperref Message: Driver (autodetected): hpdftex.

(/usr/share/texlive/texmf-dist/tex/latex/hyperref/hpdftex.def
File: hpdftex.def 2012/11/06 v6.83m Hyperref driver for pdfTeX
\Fld@listcount=\count115
\c@bookmark@seq@number=\count116

(/usr/share/texlive/texmf-dist/tex/latex/oberdiek/rerunfilecheck.sty
Package: rerunfilecheck 2011/04/15 v1.7 Rerun checks for auxiliary files (HO)
Package uniquecounter Info: New unique counter `rerunfilecheck' on input line 2
82.
)
\Hy@SectionHShift=\skip52
)
(/usr/share/texlive/texmf-dist/tex/latex/graphics/graphicx.sty
Package: graphicx 1999/02/16 v1.0f Enhanced LaTeX Graphics (DPC,SPQR)

(/usr/share/texlive/texmf-dist/tex/latex/graphics/graphics.sty
Package: graphics 2009/02/05 v1.0o Standard LaTeX Graphics (DPC,SPQR)

(/usr/share/texlive/texmf-dist/tex/latex/graphics/trig.sty
Package: trig 1999/03/16 v1.09 sin cos tan (DPC)
)
(/usr/share/texlive/texmf-dist/tex/latex/latexconfig/graphics.cfg
File: graphics.cfg 2010/04/23 v1.9 graphics configuration of TeX Live
)
Package graphics Info: Driver file: pdftex.def on input line 91.

(/usr/share/texlive/texmf-dist/tex/latex/pdftex-def/pdftex.def
File: pdftex.def 2011/05/27 v0.06d Graphics/color for pdfTeX
\Gread@gobject=\count117
))
\Gin@req@height=\dimen118
\Gin@req@width=\dimen119
)
(/usr/share/texlive/texmf-dist/tex/latex/graphics/color.sty
Package: color 2005/11/14 v1.0j Standard LaTeX Color (DPC)

(/usr/share/texlive/texmf-dist/tex/latex/latexconfig/color.cfg
File: color.cfg 2007/01/18 v1.5 color configuration of teTeX/TeXLive
)
Package color Info: Driver file: pdftex.def on input line 130.
)
Package color Info: Redefining color red on input line 16.
Package color Info: Redefining color blue on input line 17.
Package color Info: Redefining color green on input line 18.
Package color Info: Redefining color magenta on input line 19.
\c@thm=\count118
\c@prop=\count119
\c@claim=\count120
\c@lemma=\count121
\c@alg=\count122
\c@corr=\count123
Class revtex4-1 Info: Patching LaTeX tabular. on input line 55.
Class revtex4-1 Info: Robustifying \LaTeX's \boldmath command on input line 55.

Class revtex4-1 Info: cite was not loaded (OK!) on input line 55.
Class revtex4-1 Info: mcite was not loaded (OK!) on input line 55.
Class revtex4-1 Info: multicol was not loaded (OK!) on input line 55.

(./cycleflow.aux)
\openout1 = `cycleflow.aux'.

LaTeX Font Info:    Checking defaults for OML/cmm/m/it on input line 55.
LaTeX Font Info:    ... okay on input line 55.
LaTeX Font Info:    Checking defaults for T1/cmr/m/n on input line 55.
LaTeX Font Info:    ... okay on input line 55.
LaTeX Font Info:    Checking defaults for OT1/cmr/m/n on input line 55.
LaTeX Font Info:    ... okay on input line 55.
LaTeX Font Info:    Checking defaults for OMS/cmsy/m/n on input line 55.
LaTeX Font Info:    ... okay on input line 55.
LaTeX Font Info:    Checking defaults for OMX/cmex/m/n on input line 55.
LaTeX Font Info:    ... okay on input line 55.
LaTeX Font Info:    Checking defaults for U/cmr/m/n on input line 55.
LaTeX Font Info:    ... okay on input line 55.
LaTeX Font Info:    Checking defaults for PD1/pdf/m/n on input line 55.
LaTeX Font Info:    ... okay on input line 55.
\AtBeginShipoutBox=\box43
Package hyperref Info: Link coloring OFF on input line 55.
 (/usr/share/texlive/texmf-dist/tex/latex/hyperref/nameref.sty
Package: nameref 2012/10/27 v2.43 Cross-referencing by name of section
(/usr/share/texlive/texmf-dist/tex/generic/oberdiek/gettitlestring.sty
Package: gettitlestring 2010/12/03 v1.4 Cleanup title references (HO)
)
\c@section@level=\count124
)
LaTeX Info: Redefining \ref on input line 55.
LaTeX Info: Redefining \pageref on input line 55.
LaTeX Info: Redefining \nameref on input line 55.

(./cycleflow.out) (./cycleflow.out)
\@outlinefile=\write4
\openout4 = `cycleflow.out'.


(/usr/share/texlive/texmf-dist/tex/context/base/supp-pdf.mkii
[Loading MPS to PDF converter (version 2006.09.02).]
\scratchcounter=\count125
\scratchdimen=\dimen120
\scratchbox=\box44
\nofMPsegments=\count126
\nofMParguments=\count127
\everyMPshowfont=\toks31
\MPscratchCnt=\count128
\MPscratchDim=\dimen121
\MPnumerator=\count129
\makeMPintoPDFobject=\count130
\everyMPtoPDFconversion=\toks32
) (/usr/share/texlive/texmf-dist/tex/latex/oberdiek/epstopdf-base.sty
Package: epstopdf-base 2010/02/09 v2.5 Base part for package epstopdf

(/usr/share/texlive/texmf-dist/tex/latex/oberdiek/grfext.sty
Package: grfext 2010/08/19 v1.1 Manage graphics extensions (HO)
)
Package grfext Info: Graphics extension search list:
(grfext)             [.pdf,.eps]
(grfext)             \AppendGraphicsExtensions on input line 452.

(/usr/share/texlive/texmf-dist/tex/latex/latexconfig/epstopdf-sys.cfg
File: epstopdf-sys.cfg 2010/07/13 v1.3 Configuration of (r)epstopdf for TeX Liv
e
))
Class revtex4-1 Info: Taking \maketitle back from hyperref on input line 55.
\openout3 = `cycleflowNotes.bib'.



Class revtex4-1 Warning: Assuming \noaffiliation for authors.

LaTeX Font Info:    Try loading font information for U+msa on input line 119.
(/usr/share/texlive/texmf-dist/tex/latex/amsfonts/umsa.fd
File: umsa.fd 2013/01/14 v3.01 AMS symbols A
)
LaTeX Font Info:    Try loading font information for U+msb on input line 119.

(/usr/share/texlive/texmf-dist/tex/latex/amsfonts/umsb.fd
File: umsb.fd 2013/01/14 v3.01 AMS symbols B
)
LaTeX Font Info:    Try loading font information for U+wasy on input line 119.

(/usr/share/texlive/texmf-dist/tex/latex/wasysym/uwasy.fd
File: uwasy.fd 2003/10/30 v2.0 Wasy-2 symbol font definitions
)

Package natbib Warning: Citation `Dura04' on page 1 undefined on input line 134
.


Package natbib Warning: Citation `Kati10' on page 1 undefined on input line 134
.


Package natbib Warning: Citation `Kura84' on page 1 undefined on input line 134
.


Package natbib Warning: Citation `Stro00' on page 1 undefined on input line 134
.


Package natbib Warning: Citation `Aceb05' on page 1 undefined on input line 134
.


Package natbib Warning: Citation `Newm10' on page 1 undefined on input line 136
.

[1{/var/lib/texmf/fonts/map/pdftex/updmap/pdftex.map}]

Package natbib Warning: Citation `14bifurcation' on page 2 undefined on input l
ine 165.


Package natbib Warning: Citation `Dies10' on page 2 undefined on input line 190
.

<pics/scheme1.pdf, id=101, 722.7pt x 542.025pt>
File: pics/scheme1.pdf Graphic file (type pdf)
 <use pics/scheme1.pdf>
Package pdftex.def Info: pics/scheme1.pdf used on input line 219.
(pdftex.def)             Requested size: 227.62204pt x 195.00633pt.


Package natbib Warning: Citation `Note1' on page 2 undefined on input line 233.


[2]

LaTeX Warning: A float is stuck (cannot be placed); try class option [floatfix]
 on input line 234.


Overfull \hbox (15.95387pt too wide) in paragraph at lines 271--271
[] 
 []


Package natbib Warning: Citation `klein93' on page 3 undefined on input line 29
4.

Package epstopdf Info: Source file: <pics/decay_sqgrid.eps>
(epstopdf)                    date: 2015-02-03 16:29:02
(epstopdf)                    size: 31731 bytes
(epstopdf)             Output file: <pics/decay_sqgrid-eps-converted-to.pdf>
(epstopdf)                    date: 2015-02-03 16:29:05
(epstopdf)                    size: 61808 bytes
(epstopdf)             Command: <repstopdf --outfile=pics/decay_sqgrid-eps-conv
erted-to.pdf pics/decay_sqgrid.eps>
(epstopdf)             \includegraphics on input line 307.
Package epstopdf Info: Output file is already uptodate.
<pics/decay_sqgrid-eps-converted-to.pdf, id=125, 921.4425pt x 545.03625pt>
File: pics/decay_sqgrid-eps-converted-to.pdf Graphic file (type pdf)

<use pics/decay_sqgrid-eps-converted-to.pdf>
Package pdftex.def Info: pics/decay_sqgrid-eps-converted-to.pdf used on input l
ine 307.
(pdftex.def)             Requested size: 221.3985pt x 130.95274pt.
 [3 <./pics/scheme1.pdf>]

LaTeX Warning: A float is stuck (cannot be placed); try class option [floatfix]
 on input line 324.

Package epstopdf Info: Source file: <pics/decay_2p.eps>
(epstopdf)                    date: 2015-02-03 16:19:36
(epstopdf)                    size: 45037 bytes
(epstopdf)             Output file: <pics/decay_2p-eps-converted-to.pdf>
(epstopdf)                    date: 2015-02-03 16:19:40
(epstopdf)                    size: 67688 bytes
(epstopdf)             Command: <repstopdf --outfile=pics/decay_2p-eps-converte
d-to.pdf pics/decay_2p.eps>
(epstopdf)             \includegraphics on input line 326.
Package epstopdf Info: Output file is already uptodate.
<pics/decay_2p-eps-converted-to.pdf, id=151, 1154.3125pt x 891.33pt>
File: pics/decay_2p-eps-converted-to.pdf Graphic file (type pdf)

<use pics/decay_2p-eps-converted-to.pdf>
Package pdftex.def Info: pics/decay_2p-eps-converted-to.pdf used on input line 
326.
(pdftex.def)             Requested size: 221.3985pt x 170.95932pt.
Package epstopdf Info: Source file: <pics/decay_2p_inv.eps>
(epstopdf)                    date: 2015-02-03 17:47:40
(epstopdf)                    size: 44584 bytes
(epstopdf)             Output file: <pics/decay_2p_inv-eps-converted-to.pdf>
(epstopdf)                    date: 2015-02-03 17:48:09
(epstopdf)                    size: 58742 bytes
(epstopdf)             Command: <repstopdf --outfile=pics/decay_2p_inv-eps-conv
erted-to.pdf pics/decay_2p_inv.eps>
(epstopdf)             \includegraphics on input line 332.
Package epstopdf Info: Output file is already uptodate.

<pics/decay_2p_inv-eps-converted-to.pdf, id=152, 1154.3125pt x 891.33pt>
File: pics/decay_2p_inv-eps-converted-to.pdf Graphic file (type pdf)

<use pics/decay_2p_inv-eps-converted-to.pdf>
Package pdftex.def Info: pics/decay_2p_inv-eps-converted-to.pdf used on input l
ine 332.
(pdftex.def)             Requested size: 221.3985pt x 170.95932pt.


Package natbib Warning: Citation `Kati10' on page 4 undefined on input line 355
.


Package natbib Warning: Citation `Note2' on page 4 undefined on input line 369.


<pics/figure_simulations.pdf, id=156, 1118.99097pt x 871.3431pt>
File: pics/figure_simulations.pdf Graphic file (type pdf)

<use pics/figure_simulations.pdf>
Package pdftex.def Info: pics/figure_simulations.pdf used on input line 401.
(pdftex.def)             Requested size: 221.3985pt x 172.39084pt.


Package natbib Warning: Citation `UCTE04' on page 4 undefined on input line 435
.


Package natbib Warning: Citation `Pour06' on page 4 undefined on input line 435
.


Package natbib Warning: Citation `UCTE07' on page 4 undefined on input line 435
.


Package natbib Warning: Citation `Pesc14' on page 4 undefined on input line 435
.

[4 <./pics/decay_sqgrid-eps-converted-to.pdf> <./pics/decay_2p-eps-converted-to
.pdf> <./pics/decay_2p_inv-eps-converted-to.pdf>]

LaTeX Warning: A float is stuck (cannot be placed); try class option [floatfix]
 on input line 436.

<pics/case30c_flow2.pdf, id=296, 398.48875pt x 285.065pt>
File: pics/case30c_flow2.pdf Graphic file (type pdf)

<use pics/case30c_flow2.pdf>
Package pdftex.def Info: pics/case30c_flow2.pdf used on input line 440.
(pdftex.def)             Requested size: 113.81102pt x 81.414pt.

<pics/case30c_fchange_num2.pdf, id=297, 398.48875pt x 285.065pt>
File: pics/case30c_fchange_num2.pdf Graphic file (type pdf)

<use pics/case30c_fchange_num2.pdf>
Package pdftex.def Info: pics/case30c_fchange_num2.pdf used on input line 441.
(pdftex.def)             Requested size: 113.81102pt x 81.414pt.

<pics/case30c_cycles2.pdf, id=298, 398.48875pt x 285.065pt>
File: pics/case30c_cycles2.pdf Graphic file (type pdf)

<use pics/case30c_cycles2.pdf>
Package pdftex.def Info: pics/case30c_cycles2.pdf used on input line 442.
(pdftex.def)             Requested size: 113.81102pt x 81.414pt.

<pics/case30c_fchange_pred2.pdf, id=299, 398.48875pt x 285.065pt>
File: pics/case30c_fchange_pred2.pdf Graphic file (type pdf)

<use pics/case30c_fchange_pred2.pdf>
Package pdftex.def Info: pics/case30c_fchange_pred2.pdf used on input line 443.

(pdftex.def)             Requested size: 113.81102pt x 81.414pt.


Package natbib Warning: Citation `MATPOWER' on page 5 undefined on input line 4
55.


Package natbib Warning: Citation `MATPOWER' on page 5 undefined on input line 4
55.


Package natbib Warning: Citation `Mach08' on page 5 undefined on input line 458
.


Package natbib Warning: Citation `Hert06' on page 5 undefined on input line 469
.


Package natbib Warning: Citation `MATPOWER' on page 5 undefined on input line 4
71.


Package natbib Warning: Citation `Mach08' on page 5 undefined on input line 471
.

[5 <./pics/figure_simulations.pdf> <./pics/case30c_flow2.pdf> <./pics/case30c_f
change_num2.pdf> <./pics/case30c_cycles2.pdf> <./pics/case30c_fchange_pred2.pdf
>] <pics/case30d_fchange_quant2.pdf, id=358, 533.995pt x 440.64626pt>
File: pics/case30d_fchange_quant2.pdf Graphic file (type pdf)

<use pics/case30d_fchange_quant2.pdf>
Package pdftex.def Info: pics/case30d_fchange_quant2.pdf used on input line 482
.
(pdftex.def)             Requested size: 227.62204pt x 187.8336pt.

Underfull \hbox (badness 1484) in paragraph at lines 499--506
\T1/aer/m/n/10 Min-istry of Ed-u-ca-tion and Re-search (BMBF grant
 []

[6 <./pics/case30d_fchange_quant2.pdf>] [7]
<pics/DualLattice.pdf, id=427, 346.00807pt x 231.11903pt>
File: pics/DualLattice.pdf Graphic file (type pdf)

<use pics/DualLattice.pdf>
Package pdftex.def Info: pics/DualLattice.pdf used on input line 714.
(pdftex.def)             Requested size: 101.99844pt x 68.13014pt.

<pics/OrientedCycles.pdf, id=428, 294.67787pt x 193.51205pt>
File: pics/OrientedCycles.pdf Graphic file (type pdf)

<use pics/OrientedCycles.pdf>
Package pdftex.def Info: pics/OrientedCycles.pdf used on input line 715.
(pdftex.def)             Requested size: 101.99844pt x 66.98022pt.


LaTeX Warning: Reference `eqn:pert' on page 8 undefined on input line 731.


LaTeX Font Warning: Font shape `U/wasy/b/n' in size <7> not available
(Font)              Font shape `U/wasy/m/n' tried instead on input line 767.


LaTeX Font Warning: Font shape `U/wasy/b/n' in size <5> not available
(Font)              Font shape `U/wasy/m/n' tried instead on input line 767.

[8 <./pics/DualLattice.pdf> <./pics/OrientedCycles.pdf

pdfTeX warning: pdflatex (file ./pics/OrientedCycles.pdf): PDF inclusion: multi
ple pdfs with page group included in a single page
>]

Package natbib Warning: Citation `klein93' on page 9 undefined on input line 87
0.

No file cycleflow.bbl.

Package natbib Warning: There were undefined citations.

[9]
Package atveryend Info: Empty hook `AfterLastShipout' on input line 892.
 (./cycleflow.aux)
Package atveryend Info: Executing hook `AtVeryEndDocument' on input line 892.
Package atveryend Info: Executing hook `AtEndAfterFileList' on input line 892.


Package rerunfilecheck Warning: File `cycleflow.out' has changed.
(rerunfilecheck)                Rerun to get outlines right
(rerunfilecheck)                or use package `bookmark'.

Package rerunfilecheck Info: Checksums for `cycleflow.out':
(rerunfilecheck)             Before: BF0BC8A575C9709B979FC3E3D585E527;1158
(rerunfilecheck)             After:  48856C406683D1A003271004E52E8080;1156.

LaTeX Warning: There were undefined references.


LaTeX Warning: Label(s) may have changed. Rerun to get cross-references right .


 ) 
Here is how much of TeX's memory you used:
 8733 strings out of 493304
 120387 string characters out of 6139871
 252595 words of memory out of 5000000
 11921 multiletter control sequences out of 15000+600000
 36818 words of font info for 84 fonts, out of 8000000 for 9000
 957 hyphenation exceptions out of 8191
 29i,16n,28p,1608b,403s stack positions out of 5000i,500n,10000p,200000b,80000s
</usr/share/texlive/texmf-dist/fonts/type1/public/amsfonts/cm/cmbx10.pfb></us
r/share/texlive/texmf-dist/fonts/type1/public/amsfonts/cm/cmbx12.pfb></usr/shar
e/texlive/texmf-dist/fonts/type1/public/amsfonts/cm/cmbx9.pfb></usr/share/texli
ve/texmf-dist/fonts/type1/public/amsfonts/cm/cmex10.pfb></usr/share/texlive/tex
mf-dist/fonts/type1/public/amsfonts/cm/cmmi10.pfb></usr/share/texlive/texmf-dis
t/fonts/type1/public/amsfonts/cm/cmmi5.pfb></usr/share/texlive/texmf-dist/fonts
/type1/public/amsfonts/cm/cmmi6.pfb></usr/share/texlive/texmf-dist/fonts/type1/
public/amsfonts/cm/cmmi7.pfb></usr/share/texlive/texmf-dist/fonts/type1/public/
amsfonts/cm/cmmi9.pfb></usr/share/texlive/texmf-dist/fonts/type1/public/amsfont
s/cm/cmmib10.pfb></usr/share/texlive/texmf-dist/fonts/type1/public/amsfonts/cm/
cmr10.pfb></usr/share/texlive/texmf-dist/fonts/type1/public/amsfonts/cm/cmr5.pf
b></usr/share/texlive/texmf-dist/fonts/type1/public/amsfonts/cm/cmr6.pfb></usr/
share/texlive/texmf-dist/fonts/type1/public/amsfonts/cm/cmr7.pfb></usr/share/te
xlive/texmf-dist/fonts/type1/public/amsfonts/cm/cmr9.pfb></usr/share/texlive/te
xmf-dist/fonts/type1/public/amsfonts/cm/cmsy10.pfb></usr/share/texlive/texmf-di
st/fonts/type1/public/amsfonts/cm/cmsy5.pfb></usr/share/texlive/texmf-dist/font
s/type1/public/amsfonts/cm/cmsy6.pfb></usr/share/texlive/texmf-dist/fonts/type1
/public/amsfonts/cm/cmsy7.pfb></usr/share/texlive/texmf-dist/fonts/type1/public
/amsfonts/cm/cmsy9.pfb></usr/share/texlive/texmf-dist/fonts/type1/public/amsfon
ts/cm/cmti10.pfb></usr/share/texlive/texmf-dist/fonts/type1/public/amsfonts/cm/
cmti9.pfb></usr/share/texlive/texmf-dist/fonts/type1/public/amsfonts/symbols/ms
bm10.pfb>
Output written on cycleflow.pdf (9 pages, 1677914 bytes).
PDF statistics:
 574 PDF objects out of 1000 (max. 8388607)
 407 compressed objects within 5 object streams
 107 named destinations out of 1000 (max. 500000)
 189 words of extra memory for PDF output out of 10000 (max. 10000000)

